Using pre-set license
Built from '2020.3/staging' branch; Version is '2020.3.0f1 (c7b5465681fb) revision 13088070'; Using compiler version '192528614'; Build Type 'Release'
OS: 'Windows 7  (6.1.0) 64bit' Language: 'en' Physical Memory: 3981 MB
BatchMode: 1, IsHumanControllingUs: 0, StartBugReporterOnCrash: 0, Is64bit: 1, IsPro: 0

 COMMAND LINE ARGUMENTS:
C:\Program Files\Unity\Hub\Editor\2020.3.0f1\Editor\Unity.exe
-adb2
-batchMode
-noUpm
-name
AssetImportWorker2
-projectPath
C:/Users/Acer/Documents/GitHub/yggdrazil/yggdrazil1
-logFile
Logs/AssetImportWorker2.log
-srvPort
60052
Successfully changed project path to: C:/Users/Acer/Documents/GitHub/yggdrazil/yggdrazil1
C:/Users/Acer/Documents/GitHub/yggdrazil/yggdrazil1
Using Asset Import Pipeline V2.
Refreshing native plugins compatible for Editor in 227.70 ms, found 2 plugins.
Preloading 0 native plugins for Editor in 0.00 ms.
Initialize engine version: 2020.3.0f1 (c7b5465681fb)
[Subsystems] Discovering subsystems at path C:/Program Files/Unity/Hub/Editor/2020.3.0f1/Editor/Data/Resources/UnitySubsystems
[Subsystems] Discovering subsystems at path C:/Users/Acer/Documents/GitHub/yggdrazil/yggdrazil1/Assets
GfxDevice: creating device client; threaded=0
d3d11: CreateDXGIFactory2(...) not found, fallbacking to CreateDXGIFactory1(...).
d3d11: QueryInterface(IDXGIFactory5) failed (80004002).
Direct3D:
    Version:  Direct3D 11.0 [level 11.0]
    Renderer: Intel(R) HD Graphics (ID=0xf31)
    Vendor:   
    VRAM:     1632 MB
    Driver:   10.18.10.4425
Initialize mono
Mono path[0] = 'C:/Program Files/Unity/Hub/Editor/2020.3.0f1/Editor/Data/Managed'
Mono path[1] = 'C:/Program Files/Unity/Hub/Editor/2020.3.0f1/Editor/Data/MonoBleedingEdge/lib/mono/unityjit'
Mono config path = 'C:/Program Files/Unity/Hub/Editor/2020.3.0f1/Editor/Data/MonoBleedingEdge/etc'
Using monoOptions --debugger-agent=transport=dt_socket,embedding=1,server=y,suspend=n,address=127.0.0.1:56720
Begin MonoManager ReloadAssembly
Registering precompiled unity dll's ...
Register platform support module: C:/Program Files/Unity/Hub/Editor/2020.3.0f1/Editor/Data/PlaybackEngines/WindowsStandaloneSupport/UnityEditor.WindowsStandalone.Extensions.dll
Registered in 0.046432 seconds.
Native extension for WindowsStandalone target not found
Refreshing native plugins compatible for Editor in 141.29 ms, found 2 plugins.
Preloading 0 native plugins for Editor in 0.00 ms.
Invoked RoslynAnalysisRunner static constructor.
RoslynAnalysisRunner will not be running.
RoslynAnalysisRunner has terminated.
Mono: successfully reloaded assembly
- Completed reload, in  6.615 seconds
Platform modules already initialized, skipping
Registering precompiled user dll's ...
Registered in 0.122075 seconds.
Begin MonoManager ReloadAssembly
Native extension for WindowsStandalone target not found
Refreshing native plugins compatible for Editor in 1.21 ms, found 2 plugins.
Preloading 0 native plugins for Editor in 0.00 ms.
Invoked RoslynAnalysisRunner static constructor.
RoslynAnalysisRunner will not be running.
RoslynAnalysisRunner has terminated.
Mono: successfully reloaded assembly
- Completed reload, in  6.113 seconds
Platform modules already initialized, skipping
========================================================================
Worker process is ready to serve import requests
Launched and connected shader compiler UnityShaderCompiler.exe after 0.33 seconds
Refreshing native plugins compatible for Editor in 1.20 ms, found 2 plugins.
Preloading 0 native plugins for Editor in 0.00 ms.
Unloading 1132 Unused Serialized files (Serialized files now loaded: 0)
System memory in use before: 57.0 MB.
System memory in use after: 57.1 MB.

Unloading 21 unused Assets to reduce memory usage. Loaded Objects now: 1594.
Total: 55.298073 ms (FindLiveObjects: 0.705102 ms CreateObjectMapping: 0.263704 ms MarkObjects: 54.126054 ms  DeleteObjects: 0.197069 ms)

========================================================================
Received Import Request.
  path: Assets/TerrainData_3002c41c-fa72-4415-a555-51acd4f57302.asset
  artifactKey: Guid(b4c7ae1cc345c6d468dd0e6fa360ce9e) Importer(815301076,1909f56bfc062723c751e8b465ee728b)
Start importing Assets/TerrainData_3002c41c-fa72-4415-a555-51acd4f57302.asset using Guid(b4c7ae1cc345c6d468dd0e6fa360ce9e) Importer(815301076,1909f56bfc062723c751e8b465ee728b)  -> (artifact id: '39505fef6e891c081d87232cccccb476') in 1.130417 seconds
  Import took 1.154653 seconds .

========================================================================
Received Import Request.
  Time since last request: 0.281052 seconds.
  path: Assets/New Terrain.asset
  artifactKey: Guid(113390488aaf73547af34d1c25921694) Importer(815301076,1909f56bfc062723c751e8b465ee728b)
Start importing Assets/New Terrain.asset using Guid(113390488aaf73547af34d1c25921694) Importer(815301076,1909f56bfc062723c751e8b465ee728b)  -> (artifact id: '74c78e3738c9b1d3f2041d1fcca155fe') in 0.430585 seconds
  Import took 0.518377 seconds .

========================================================================
Received Import Request.
  Time since last request: 0.026031 seconds.
  path: Assets/TerrainData_ec763173-cb77-40c3-a67e-e04096b6b008.asset
  artifactKey: Guid(f6409ba7fb868b942843379029f915ac) Importer(815301076,1909f56bfc062723c751e8b465ee728b)
Start importing Assets/TerrainData_ec763173-cb77-40c3-a67e-e04096b6b008.asset using Guid(f6409ba7fb868b942843379029f915ac) Importer(815301076,1909f56bfc062723c751e8b465ee728b)  -> (artifact id: '52869e40866db3495f94bdf662c8534c') in 0.273203 seconds
  Import took 0.279983 seconds .

========================================================================
Received Import Request.
  Time since last request: 182.783989 seconds.
  path: Assets/Scenes
  artifactKey: Guid(656b732878b546e4383d5fc5ca878d49) Importer(815301076,1909f56bfc062723c751e8b465ee728b)
Start importing Assets/Scenes using Guid(656b732878b546e4383d5fc5ca878d49) Importer(815301076,1909f56bfc062723c751e8b465ee728b)  -> (artifact id: '110abab29eaf2e9dd76cf3787181e8bb') in 3.179189 seconds
  Import took 4.400877 seconds .

========================================================================
Received Import Request.
  Time since last request: 0.467014 seconds.
  path: Assets/Scenes/SampleSceneSettings.lighting
  artifactKey: Guid(a8d49c3bb346ca241b26552f4d0bbda4) Importer(815301076,1909f56bfc062723c751e8b465ee728b)
Start importing Assets/Scenes/SampleSceneSettings.lighting using Guid(a8d49c3bb346ca241b26552f4d0bbda4) Importer(815301076,1909f56bfc062723c751e8b465ee728b)  -> (artifact id: '3dd2fb94ea97acf5632bcba80e2f165c') in 0.157659 seconds
  Import took 0.163552 seconds .

========================================================================
Received Import Request.
  Time since last request: 0.386783 seconds.
  path: Assets/Scenes/SampleScene.unity
  artifactKey: Guid(9fc0d4010bbf28b4594072e72b8655ab) Importer(815301076,1909f56bfc062723c751e8b465ee728b)
Start importing Assets/Scenes/SampleScene.unity using Guid(9fc0d4010bbf28b4594072e72b8655ab) Importer(815301076,1909f56bfc062723c751e8b465ee728b)  -> (artifact id: '2c20bc7663bc3b5a0694c26a9e38b582') in 0.177409 seconds
  Import took 0.186894 seconds .

